                                      1 ;--------------------------------------------------------
                                      2 ; File Created by SDCC : free open source ANSI-C Compiler
                                      3 ; Version 4.0.3 #11868 (MINGW32)
                                      4 ;--------------------------------------------------------
                                      5 	.module table
                                      6 	.optsdcc -mmcs51 --model-small
                                      7 	
                                      8 ;--------------------------------------------------------
                                      9 ; Public variables in this module
                                     10 ;--------------------------------------------------------
                                     11 	.globl _string2
                                     12 	.globl _string1
                                     13 	.globl _string0
                                     14 	.globl _configuration0
                                     15 	.globl _descr
                                     16 	.globl _TF1
                                     17 	.globl _TR1
                                     18 	.globl _TF0
                                     19 	.globl _TR0
                                     20 	.globl _IE1
                                     21 	.globl _IT1
                                     22 	.globl _IE0
                                     23 	.globl _IT0
                                     24 	.globl _EX0
                                     25 	.globl _ET0
                                     26 	.globl _EX1
                                     27 	.globl _ET1
                                     28 	.globl _ES0
                                     29 	.globl _ET2
                                     30 	.globl _ES1
                                     31 	.globl _EA
                                     32 	.globl _PA1
                                     33 	.globl _PA0
                                     34 	.globl _EX6
                                     35 	.globl _EX5
                                     36 	.globl _EX4
                                     37 	.globl _EI2C
                                     38 	.globl _EUSB
                                     39 	.globl _EXIF
                                     40 	.globl _EIE
                                     41 	.globl _ACC
                                     42 	.globl _PSW
                                     43 	.globl _IE
                                     44 	.globl _TH1
                                     45 	.globl _TL1
                                     46 	.globl _TH0
                                     47 	.globl _TL0
                                     48 	.globl _TCON
                                     49 	.globl _CKCON
                                     50 	.globl _TMOD
                                     51 	.globl _IOA
                                     52 	.globl _OEA
                                     53 	.globl _MPAGE
                                     54 	.globl __XPAGE
                                     55 	.globl _EP1INCFG
                                     56 	.globl _EP1OUTCFG
                                     57 	.globl _EPIRQ
                                     58 	.globl _EPIE
                                     59 	.globl _EP0BCL
                                     60 	.globl _EP0BCH
                                     61 	.globl _SUDPTRL
                                     62 	.globl _SUDPTRH
                                     63 	.globl _SUDPTRCTL
                                     64 	.globl _EP0CS
                                     65 	.globl _USBIRQ
                                     66 	.globl _USBIE
                                     67 	.globl _INTSETUP
                                     68 	.globl _USBCS
                                     69 	.globl _CPUCS
                                     70 ;--------------------------------------------------------
                                     71 ; special function registers
                                     72 ;--------------------------------------------------------
                                     73 	.area RSEG    (ABS,DATA)
      000000                         74 	.org 0x0000
                           000092    75 G$_XPAGE$0_0$0 == 0x0092
                           000092    76 __XPAGE	=	0x0092
                           000092    77 G$MPAGE$0_0$0 == 0x0092
                           000092    78 _MPAGE	=	0x0092
                           0000B2    79 G$OEA$0_0$0 == 0x00b2
                           0000B2    80 _OEA	=	0x00b2
                           000080    81 G$IOA$0_0$0 == 0x0080
                           000080    82 _IOA	=	0x0080
                           000089    83 G$TMOD$0_0$0 == 0x0089
                           000089    84 _TMOD	=	0x0089
                           00008E    85 G$CKCON$0_0$0 == 0x008e
                           00008E    86 _CKCON	=	0x008e
                           000088    87 G$TCON$0_0$0 == 0x0088
                           000088    88 _TCON	=	0x0088
                           00008A    89 G$TL0$0_0$0 == 0x008a
                           00008A    90 _TL0	=	0x008a
                           00008C    91 G$TH0$0_0$0 == 0x008c
                           00008C    92 _TH0	=	0x008c
                           00008B    93 G$TL1$0_0$0 == 0x008b
                           00008B    94 _TL1	=	0x008b
                           00008D    95 G$TH1$0_0$0 == 0x008d
                           00008D    96 _TH1	=	0x008d
                           0000A8    97 G$IE$0_0$0 == 0x00a8
                           0000A8    98 _IE	=	0x00a8
                           0000D0    99 G$PSW$0_0$0 == 0x00d0
                           0000D0   100 _PSW	=	0x00d0
                           0000E0   101 G$ACC$0_0$0 == 0x00e0
                           0000E0   102 _ACC	=	0x00e0
                           0000E8   103 G$EIE$0_0$0 == 0x00e8
                           0000E8   104 _EIE	=	0x00e8
                           000091   105 G$EXIF$0_0$0 == 0x0091
                           000091   106 _EXIF	=	0x0091
                                    107 ;--------------------------------------------------------
                                    108 ; special function bits
                                    109 ;--------------------------------------------------------
                                    110 	.area RSEG    (ABS,DATA)
      000000                        111 	.org 0x0000
                           0000E8   112 G$EUSB$0_0$0 == 0x00e8
                           0000E8   113 _EUSB	=	0x00e8
                           0000E9   114 G$EI2C$0_0$0 == 0x00e9
                           0000E9   115 _EI2C	=	0x00e9
                           0000EA   116 G$EX4$0_0$0 == 0x00ea
                           0000EA   117 _EX4	=	0x00ea
                           0000EB   118 G$EX5$0_0$0 == 0x00eb
                           0000EB   119 _EX5	=	0x00eb
                           0000EC   120 G$EX6$0_0$0 == 0x00ec
                           0000EC   121 _EX6	=	0x00ec
                           000080   122 G$PA0$0_0$0 == 0x0080
                           000080   123 _PA0	=	0x0080
                           000081   124 G$PA1$0_0$0 == 0x0081
                           000081   125 _PA1	=	0x0081
                           0000AF   126 G$EA$0_0$0 == 0x00af
                           0000AF   127 _EA	=	0x00af
                           0000AE   128 G$ES1$0_0$0 == 0x00ae
                           0000AE   129 _ES1	=	0x00ae
                           0000AD   130 G$ET2$0_0$0 == 0x00ad
                           0000AD   131 _ET2	=	0x00ad
                           0000AC   132 G$ES0$0_0$0 == 0x00ac
                           0000AC   133 _ES0	=	0x00ac
                           0000AB   134 G$ET1$0_0$0 == 0x00ab
                           0000AB   135 _ET1	=	0x00ab
                           0000AA   136 G$EX1$0_0$0 == 0x00aa
                           0000AA   137 _EX1	=	0x00aa
                           0000A9   138 G$ET0$0_0$0 == 0x00a9
                           0000A9   139 _ET0	=	0x00a9
                           0000A8   140 G$EX0$0_0$0 == 0x00a8
                           0000A8   141 _EX0	=	0x00a8
                           000088   142 G$IT0$0_0$0 == 0x0088
                           000088   143 _IT0	=	0x0088
                           000089   144 G$IE0$0_0$0 == 0x0089
                           000089   145 _IE0	=	0x0089
                           00008A   146 G$IT1$0_0$0 == 0x008a
                           00008A   147 _IT1	=	0x008a
                           00008B   148 G$IE1$0_0$0 == 0x008b
                           00008B   149 _IE1	=	0x008b
                           00008C   150 G$TR0$0_0$0 == 0x008c
                           00008C   151 _TR0	=	0x008c
                           00008D   152 G$TF0$0_0$0 == 0x008d
                           00008D   153 _TF0	=	0x008d
                           00008E   154 G$TR1$0_0$0 == 0x008e
                           00008E   155 _TR1	=	0x008e
                           00008F   156 G$TF1$0_0$0 == 0x008f
                           00008F   157 _TF1	=	0x008f
                                    158 ;--------------------------------------------------------
                                    159 ; overlayable register banks
                                    160 ;--------------------------------------------------------
                                    161 	.area REG_BANK_0	(REL,OVR,DATA)
      000000                        162 	.ds 8
                                    163 ;--------------------------------------------------------
                                    164 ; internal ram data
                                    165 ;--------------------------------------------------------
                                    166 	.area DSEG    (DATA)
                                    167 ;--------------------------------------------------------
                                    168 ; overlayable items in internal ram 
                                    169 ;--------------------------------------------------------
                                    170 ;--------------------------------------------------------
                                    171 ; indirectly addressable internal ram data
                                    172 ;--------------------------------------------------------
                                    173 	.area ISEG    (DATA)
                                    174 ;--------------------------------------------------------
                                    175 ; absolute internal ram data
                                    176 ;--------------------------------------------------------
                                    177 	.area IABS    (ABS,DATA)
                                    178 	.area IABS    (ABS,DATA)
                                    179 ;--------------------------------------------------------
                                    180 ; bit data
                                    181 ;--------------------------------------------------------
                                    182 	.area BSEG    (BIT)
                                    183 ;--------------------------------------------------------
                                    184 ; paged external ram data
                                    185 ;--------------------------------------------------------
                                    186 	.area PSEG    (PAG,XDATA)
                                    187 ;--------------------------------------------------------
                                    188 ; external ram data
                                    189 ;--------------------------------------------------------
                                    190 	.area XSEG    (XDATA)
                           00E600   191 G$CPUCS$0_0$0 == 0xe600
                           00E600   192 _CPUCS	=	0xe600
                           00E680   193 G$USBCS$0_0$0 == 0xe680
                           00E680   194 _USBCS	=	0xe680
                           00E668   195 G$INTSETUP$0_0$0 == 0xe668
                           00E668   196 _INTSETUP	=	0xe668
                           00E65C   197 G$USBIE$0_0$0 == 0xe65c
                           00E65C   198 _USBIE	=	0xe65c
                           00E65D   199 G$USBIRQ$0_0$0 == 0xe65d
                           00E65D   200 _USBIRQ	=	0xe65d
                           00E6A0   201 G$EP0CS$0_0$0 == 0xe6a0
                           00E6A0   202 _EP0CS	=	0xe6a0
                           00E6B5   203 G$SUDPTRCTL$0_0$0 == 0xe6b5
                           00E6B5   204 _SUDPTRCTL	=	0xe6b5
                           00E6B3   205 G$SUDPTRH$0_0$0 == 0xe6b3
                           00E6B3   206 _SUDPTRH	=	0xe6b3
                           00E6B4   207 G$SUDPTRL$0_0$0 == 0xe6b4
                           00E6B4   208 _SUDPTRL	=	0xe6b4
                           00E68A   209 G$EP0BCH$0_0$0 == 0xe68a
                           00E68A   210 _EP0BCH	=	0xe68a
                           00E68B   211 G$EP0BCL$0_0$0 == 0xe68b
                           00E68B   212 _EP0BCL	=	0xe68b
                           00E65E   213 G$EPIE$0_0$0 == 0xe65e
                           00E65E   214 _EPIE	=	0xe65e
                           00E65F   215 G$EPIRQ$0_0$0 == 0xe65f
                           00E65F   216 _EPIRQ	=	0xe65f
                           00E610   217 G$EP1OUTCFG$0_0$0 == 0xe610
                           00E610   218 _EP1OUTCFG	=	0xe610
                           00E611   219 G$EP1INCFG$0_0$0 == 0xe611
                           00E611   220 _EP1INCFG	=	0xe611
                                    221 ;--------------------------------------------------------
                                    222 ; absolute external ram data
                                    223 ;--------------------------------------------------------
                                    224 	.area XABS    (ABS,XDATA)
                                    225 ;--------------------------------------------------------
                                    226 ; external initialized ram data
                                    227 ;--------------------------------------------------------
                                    228 	.area XISEG   (XDATA)
                                    229 	.area HOME    (CODE)
                                    230 	.area GSINIT0 (CODE)
                                    231 	.area GSINIT1 (CODE)
                                    232 	.area GSINIT2 (CODE)
                                    233 	.area GSINIT3 (CODE)
                                    234 	.area GSINIT4 (CODE)
                                    235 	.area GSINIT5 (CODE)
                                    236 	.area GSINIT  (CODE)
                                    237 	.area GSFINAL (CODE)
                                    238 	.area CSEG    (CODE)
                                    239 ;--------------------------------------------------------
                                    240 ; global & static initialisations
                                    241 ;--------------------------------------------------------
                                    242 	.area HOME    (CODE)
                                    243 	.area GSINIT  (CODE)
                                    244 	.area GSFINAL (CODE)
                                    245 	.area GSINIT  (CODE)
                                    246 ;--------------------------------------------------------
                                    247 ; Home
                                    248 ;--------------------------------------------------------
                                    249 	.area HOME    (CODE)
                                    250 	.area HOME    (CODE)
                                    251 ;--------------------------------------------------------
                                    252 ; code
                                    253 ;--------------------------------------------------------
                                    254 	.area CSEG    (CODE)
                                    255 	.area CSEG    (CODE)
                                    256 	.area TABLE   (CODE)
                           000000   257 G$descr$0_0$0 == .
      000000                        258 _descr:
      000000 12                     259 	.db #0x12	; 18
      000001 01                     260 	.db #0x01	; 1
      000002 01                     261 	.db #0x01	; 1
      000003 01                     262 	.db #0x01	; 1
      000004 FF                     263 	.db #0xff	; 255
      000005 FF                     264 	.db #0xff	; 255
      000006 FF                     265 	.db #0xff	; 255
      000007 40                     266 	.db #0x40	; 64
      000008 12                     267 	.db #0x12	; 18
      000009 31                     268 	.db #0x31	; 49	'1'
      00000A 73                     269 	.db #0x73	; 115	's'
      00000B 19                     270 	.db #0x19	; 25
      00000C 01                     271 	.db #0x01	; 1
      00000D 00                     272 	.db #0x00	; 0
      00000E 01                     273 	.db #0x01	; 1
      00000F 02                     274 	.db #0x02	; 2
      000010 00                     275 	.db #0x00	; 0
      000011 01                     276 	.db #0x01	; 1
                           000012   277 G$configuration0$0_0$0 == .
      000012                        278 _configuration0:
      000012 09                     279 	.db #0x09	; 9
      000013 02                     280 	.db #0x02	; 2
      000014 20                     281 	.db #0x20	; 32
      000015 00                     282 	.db #0x00	; 0
      000016 01                     283 	.db #0x01	; 1
      000017 01                     284 	.db #0x01	; 1
      000018 00                     285 	.db #0x00	; 0
      000019 80                     286 	.db #0x80	; 128
      00001A 30                     287 	.db #0x30	; 48	'0'
      00001B 09                     288 	.db #0x09	; 9
      00001C 04                     289 	.db #0x04	; 4
      00001D 00                     290 	.db #0x00	; 0
      00001E 00                     291 	.db #0x00	; 0
      00001F 02                     292 	.db #0x02	; 2
      000020 FF                     293 	.db #0xff	; 255
      000021 FF                     294 	.db #0xff	; 255
      000022 FF                     295 	.db #0xff	; 255
      000023 00                     296 	.db #0x00	; 0
      000024 07                     297 	.db #0x07	; 7
      000025 05                     298 	.db #0x05	; 5
      000026 01                     299 	.db #0x01	; 1
      000027 02                     300 	.db #0x02	; 2
      000028 40                     301 	.db #0x40	; 64
      000029 00                     302 	.db #0x00	; 0
      00002A 00                     303 	.db #0x00	; 0
      00002B 07                     304 	.db #0x07	; 7
      00002C 05                     305 	.db #0x05	; 5
      00002D 81                     306 	.db #0x81	; 129
      00002E 02                     307 	.db #0x02	; 2
      00002F 40                     308 	.db #0x40	; 64
      000030 00                     309 	.db #0x00	; 0
      000031 00                     310 	.db #0x00	; 0
                           000032   311 G$string0$0_0$0 == .
      000032                        312 _string0:
      000032 04                     313 	.db #0x04	; 4
      000033 03                     314 	.db #0x03	; 3
      000034 09                     315 	.db #0x09	; 9
      000035 04                     316 	.db #0x04	; 4
                           000036   317 G$string1$0_0$0 == .
      000036                        318 _string1:
      000036 0C                     319 	.db #0x0c	; 12
      000037 03                     320 	.db #0x03	; 3
      000038 4D                     321 	.db #0x4d	; 77	'M'
      000039 00                     322 	.db #0x00	; 0
      00003A 41                     323 	.db #0x41	; 65	'A'
      00003B 00                     324 	.db #0x00	; 0
      00003C 58                     325 	.db #0x58	; 88	'X'
      00003D 00                     326 	.db #0x00	; 0
      00003E 49                     327 	.db #0x49	; 73	'I'
      00003F 00                     328 	.db #0x00	; 0
      000040 4D                     329 	.db #0x4d	; 77	'M'
      000041 00                     330 	.db #0x00	; 0
                           000042   331 G$string2$0_0$0 == .
      000042                        332 _string2:
      000042 1C                     333 	.db #0x1c	; 28
      000043 03                     334 	.db #0x03	; 3
      000044 4D                     335 	.db #0x4d	; 77	'M'
      000045 00                     336 	.db #0x00	; 0
      000046 41                     337 	.db #0x41	; 65	'A'
      000047 00                     338 	.db #0x00	; 0
      000048 58                     339 	.db #0x58	; 88	'X'
      000049 00                     340 	.db #0x00	; 0
      00004A 49                     341 	.db #0x49	; 73	'I'
      00004B 00                     342 	.db #0x00	; 0
      00004C 4D                     343 	.db #0x4d	; 77	'M'
      00004D 00                     344 	.db #0x00	; 0
      00004E 20                     345 	.db #0x20	; 32
      00004F 00                     346 	.db #0x00	; 0
      000050 46                     347 	.db #0x46	; 70	'F'
      000051 00                     348 	.db #0x00	; 0
      000052 49                     349 	.db #0x49	; 73	'I'
      000053 00                     350 	.db #0x00	; 0
      000054 4C                     351 	.db #0x4c	; 76	'L'
      000055 00                     352 	.db #0x00	; 0
      000056 41                     353 	.db #0x41	; 65	'A'
      000057 00                     354 	.db #0x00	; 0
      000058 54                     355 	.db #0x54	; 84	'T'
      000059 00                     356 	.db #0x00	; 0
      00005A 4F                     357 	.db #0x4f	; 79	'O'
      00005B 00                     358 	.db #0x00	; 0
      00005C 56                     359 	.db #0x56	; 86	'V'
      00005D 00                     360 	.db #0x00	; 0
                                    361 	.area XINIT   (CODE)
                                    362 	.area CABS    (ABS,CODE)
