                                      1 ;--------------------------------------------------------
                                      2 ; File Created by SDCC : free open source ANSI-C Compiler
                                      3 ; Version 4.0.3 #11868 (MINGW32)
                                      4 ;--------------------------------------------------------
                                      5 	.module table
                                      6 	.optsdcc -mmcs51 --model-small
                                      7 	
                                      8 ;--------------------------------------------------------
                                      9 ; Public variables in this module
                                     10 ;--------------------------------------------------------
                                     11 	.globl _string2
                                     12 	.globl _string1
                                     13 	.globl _string0
                                     14 	.globl _configuration0
                                     15 	.globl _descr
                                     16 	.globl _TF1
                                     17 	.globl _TR1
                                     18 	.globl _TF0
                                     19 	.globl _TR0
                                     20 	.globl _IE1
                                     21 	.globl _IT1
                                     22 	.globl _IE0
                                     23 	.globl _IT0
                                     24 	.globl _EX0
                                     25 	.globl _ET0
                                     26 	.globl _EX1
                                     27 	.globl _ET1
                                     28 	.globl _ES0
                                     29 	.globl _ET2
                                     30 	.globl _ES1
                                     31 	.globl _EA
                                     32 	.globl _PA1
                                     33 	.globl _PA0
                                     34 	.globl _EX6
                                     35 	.globl _EX5
                                     36 	.globl _EX4
                                     37 	.globl _EI2C
                                     38 	.globl _EUSB
                                     39 	.globl _EXIF
                                     40 	.globl _EIE
                                     41 	.globl _ACC
                                     42 	.globl _PSW
                                     43 	.globl _IE
                                     44 	.globl _TH1
                                     45 	.globl _TL1
                                     46 	.globl _TH0
                                     47 	.globl _TL0
                                     48 	.globl _TCON
                                     49 	.globl _CKCON
                                     50 	.globl _TMOD
                                     51 	.globl _IOA
                                     52 	.globl _OEA
                                     53 	.globl _MPAGE
                                     54 	.globl __XPAGE
                                     55 	.globl _EPIRQ
                                     56 	.globl _EPIE
                                     57 	.globl _EP0BCL
                                     58 	.globl _EP0BCH
                                     59 	.globl _SUDPTRL
                                     60 	.globl _SUDPTRH
                                     61 	.globl _SUDPTRCTL
                                     62 	.globl _EP0CS
                                     63 	.globl _USBIRQ
                                     64 	.globl _USBIE
                                     65 	.globl _INTSETUP
                                     66 	.globl _USBCS
                                     67 	.globl _CPUCS
                                     68 ;--------------------------------------------------------
                                     69 ; special function registers
                                     70 ;--------------------------------------------------------
                                     71 	.area RSEG    (ABS,DATA)
      000000                         72 	.org 0x0000
                           000092    73 __XPAGE	=	0x0092
                           000092    74 _MPAGE	=	0x0092
                           0000B2    75 _OEA	=	0x00b2
                           000080    76 _IOA	=	0x0080
                           000089    77 _TMOD	=	0x0089
                           00008E    78 _CKCON	=	0x008e
                           000088    79 _TCON	=	0x0088
                           00008A    80 _TL0	=	0x008a
                           00008C    81 _TH0	=	0x008c
                           00008B    82 _TL1	=	0x008b
                           00008D    83 _TH1	=	0x008d
                           0000A8    84 _IE	=	0x00a8
                           0000D0    85 _PSW	=	0x00d0
                           0000E0    86 _ACC	=	0x00e0
                           0000E8    87 _EIE	=	0x00e8
                           000091    88 _EXIF	=	0x0091
                                     89 ;--------------------------------------------------------
                                     90 ; special function bits
                                     91 ;--------------------------------------------------------
                                     92 	.area RSEG    (ABS,DATA)
      000000                         93 	.org 0x0000
                           0000E8    94 _EUSB	=	0x00e8
                           0000E9    95 _EI2C	=	0x00e9
                           0000EA    96 _EX4	=	0x00ea
                           0000EB    97 _EX5	=	0x00eb
                           0000EC    98 _EX6	=	0x00ec
                           000080    99 _PA0	=	0x0080
                           000081   100 _PA1	=	0x0081
                           0000AF   101 _EA	=	0x00af
                           0000AE   102 _ES1	=	0x00ae
                           0000AD   103 _ET2	=	0x00ad
                           0000AC   104 _ES0	=	0x00ac
                           0000AB   105 _ET1	=	0x00ab
                           0000AA   106 _EX1	=	0x00aa
                           0000A9   107 _ET0	=	0x00a9
                           0000A8   108 _EX0	=	0x00a8
                           000088   109 _IT0	=	0x0088
                           000089   110 _IE0	=	0x0089
                           00008A   111 _IT1	=	0x008a
                           00008B   112 _IE1	=	0x008b
                           00008C   113 _TR0	=	0x008c
                           00008D   114 _TF0	=	0x008d
                           00008E   115 _TR1	=	0x008e
                           00008F   116 _TF1	=	0x008f
                                    117 ;--------------------------------------------------------
                                    118 ; overlayable register banks
                                    119 ;--------------------------------------------------------
                                    120 	.area REG_BANK_0	(REL,OVR,DATA)
      000000                        121 	.ds 8
                                    122 ;--------------------------------------------------------
                                    123 ; internal ram data
                                    124 ;--------------------------------------------------------
                                    125 	.area DSEG    (DATA)
                                    126 ;--------------------------------------------------------
                                    127 ; overlayable items in internal ram 
                                    128 ;--------------------------------------------------------
                                    129 ;--------------------------------------------------------
                                    130 ; indirectly addressable internal ram data
                                    131 ;--------------------------------------------------------
                                    132 	.area ISEG    (DATA)
                                    133 ;--------------------------------------------------------
                                    134 ; absolute internal ram data
                                    135 ;--------------------------------------------------------
                                    136 	.area IABS    (ABS,DATA)
                                    137 	.area IABS    (ABS,DATA)
                                    138 ;--------------------------------------------------------
                                    139 ; bit data
                                    140 ;--------------------------------------------------------
                                    141 	.area BSEG    (BIT)
                                    142 ;--------------------------------------------------------
                                    143 ; paged external ram data
                                    144 ;--------------------------------------------------------
                                    145 	.area PSEG    (PAG,XDATA)
                                    146 ;--------------------------------------------------------
                                    147 ; external ram data
                                    148 ;--------------------------------------------------------
                                    149 	.area XSEG    (XDATA)
                           00E600   150 _CPUCS	=	0xe600
                           00E680   151 _USBCS	=	0xe680
                           00E668   152 _INTSETUP	=	0xe668
                           00E65C   153 _USBIE	=	0xe65c
                           00E65D   154 _USBIRQ	=	0xe65d
                           00E6A0   155 _EP0CS	=	0xe6a0
                           00E6B5   156 _SUDPTRCTL	=	0xe6b5
                           00E6B3   157 _SUDPTRH	=	0xe6b3
                           00E6B4   158 _SUDPTRL	=	0xe6b4
                           00E68A   159 _EP0BCH	=	0xe68a
                           00E68B   160 _EP0BCL	=	0xe68b
                           00E65E   161 _EPIE	=	0xe65e
                           00E65F   162 _EPIRQ	=	0xe65f
                                    163 ;--------------------------------------------------------
                                    164 ; absolute external ram data
                                    165 ;--------------------------------------------------------
                                    166 	.area XABS    (ABS,XDATA)
                                    167 ;--------------------------------------------------------
                                    168 ; external initialized ram data
                                    169 ;--------------------------------------------------------
                                    170 	.area XISEG   (XDATA)
                                    171 	.area HOME    (CODE)
                                    172 	.area GSINIT0 (CODE)
                                    173 	.area GSINIT1 (CODE)
                                    174 	.area GSINIT2 (CODE)
                                    175 	.area GSINIT3 (CODE)
                                    176 	.area GSINIT4 (CODE)
                                    177 	.area GSINIT5 (CODE)
                                    178 	.area GSINIT  (CODE)
                                    179 	.area GSFINAL (CODE)
                                    180 	.area CSEG    (CODE)
                                    181 ;--------------------------------------------------------
                                    182 ; global & static initialisations
                                    183 ;--------------------------------------------------------
                                    184 	.area HOME    (CODE)
                                    185 	.area GSINIT  (CODE)
                                    186 	.area GSFINAL (CODE)
                                    187 	.area GSINIT  (CODE)
                                    188 ;--------------------------------------------------------
                                    189 ; Home
                                    190 ;--------------------------------------------------------
                                    191 	.area HOME    (CODE)
                                    192 	.area HOME    (CODE)
                                    193 ;--------------------------------------------------------
                                    194 ; code
                                    195 ;--------------------------------------------------------
                                    196 	.area CSEG    (CODE)
                                    197 	.area CSEG    (CODE)
                                    198 	.area TABLE   (CODE)
      000000                        199 _descr:
      000000 12                     200 	.db #0x12	; 18
      000001 01                     201 	.db #0x01	; 1
      000002 01                     202 	.db #0x01	; 1
      000003 01                     203 	.db #0x01	; 1
      000004 FF                     204 	.db #0xff	; 255
      000005 FF                     205 	.db #0xff	; 255
      000006 FF                     206 	.db #0xff	; 255
      000007 40                     207 	.db #0x40	; 64
      000008 12                     208 	.db #0x12	; 18
      000009 31                     209 	.db #0x31	; 49	'1'
      00000A 73                     210 	.db #0x73	; 115	's'
      00000B 19                     211 	.db #0x19	; 25
      00000C 01                     212 	.db #0x01	; 1
      00000D 00                     213 	.db #0x00	; 0
      00000E 01                     214 	.db #0x01	; 1
      00000F 02                     215 	.db #0x02	; 2
      000010 00                     216 	.db #0x00	; 0
      000011 01                     217 	.db #0x01	; 1
      000012                        218 _configuration0:
      000012 09                     219 	.db #0x09	; 9
      000013 02                     220 	.db #0x02	; 2
      000014 20                     221 	.db #0x20	; 32
      000015 00                     222 	.db #0x00	; 0
      000016 01                     223 	.db #0x01	; 1
      000017 01                     224 	.db #0x01	; 1
      000018 00                     225 	.db #0x00	; 0
      000019 80                     226 	.db #0x80	; 128
      00001A 30                     227 	.db #0x30	; 48	'0'
      00001B 09                     228 	.db #0x09	; 9
      00001C 04                     229 	.db #0x04	; 4
      00001D 00                     230 	.db #0x00	; 0
      00001E 00                     231 	.db #0x00	; 0
      00001F 02                     232 	.db #0x02	; 2
      000020 FF                     233 	.db #0xff	; 255
      000021 FF                     234 	.db #0xff	; 255
      000022 FF                     235 	.db #0xff	; 255
      000023 00                     236 	.db #0x00	; 0
      000024 07                     237 	.db #0x07	; 7
      000025 05                     238 	.db #0x05	; 5
      000026 01                     239 	.db #0x01	; 1
      000027 02                     240 	.db #0x02	; 2
      000028 40                     241 	.db #0x40	; 64
      000029 00                     242 	.db #0x00	; 0
      00002A 00                     243 	.db #0x00	; 0
      00002B 07                     244 	.db #0x07	; 7
      00002C 05                     245 	.db #0x05	; 5
      00002D 81                     246 	.db #0x81	; 129
      00002E 02                     247 	.db #0x02	; 2
      00002F 40                     248 	.db #0x40	; 64
      000030 00                     249 	.db #0x00	; 0
      000031 00                     250 	.db #0x00	; 0
      000032                        251 _string0:
      000032 04                     252 	.db #0x04	; 4
      000033 03                     253 	.db #0x03	; 3
      000034 09                     254 	.db #0x09	; 9
      000035 04                     255 	.db #0x04	; 4
      000036                        256 _string1:
      000036 0C                     257 	.db #0x0c	; 12
      000037 03                     258 	.db #0x03	; 3
      000038 4D                     259 	.db #0x4d	; 77	'M'
      000039 00                     260 	.db #0x00	; 0
      00003A 41                     261 	.db #0x41	; 65	'A'
      00003B 00                     262 	.db #0x00	; 0
      00003C 58                     263 	.db #0x58	; 88	'X'
      00003D 00                     264 	.db #0x00	; 0
      00003E 49                     265 	.db #0x49	; 73	'I'
      00003F 00                     266 	.db #0x00	; 0
      000040 4D                     267 	.db #0x4d	; 77	'M'
      000041 00                     268 	.db #0x00	; 0
      000042                        269 _string2:
      000042 1C                     270 	.db #0x1c	; 28
      000043 03                     271 	.db #0x03	; 3
      000044 4D                     272 	.db #0x4d	; 77	'M'
      000045 00                     273 	.db #0x00	; 0
      000046 41                     274 	.db #0x41	; 65	'A'
      000047 00                     275 	.db #0x00	; 0
      000048 58                     276 	.db #0x58	; 88	'X'
      000049 00                     277 	.db #0x00	; 0
      00004A 49                     278 	.db #0x49	; 73	'I'
      00004B 00                     279 	.db #0x00	; 0
      00004C 4D                     280 	.db #0x4d	; 77	'M'
      00004D 00                     281 	.db #0x00	; 0
      00004E 20                     282 	.db #0x20	; 32
      00004F 00                     283 	.db #0x00	; 0
      000050 46                     284 	.db #0x46	; 70	'F'
      000051 00                     285 	.db #0x00	; 0
      000052 49                     286 	.db #0x49	; 73	'I'
      000053 00                     287 	.db #0x00	; 0
      000054 4C                     288 	.db #0x4c	; 76	'L'
      000055 00                     289 	.db #0x00	; 0
      000056 41                     290 	.db #0x41	; 65	'A'
      000057 00                     291 	.db #0x00	; 0
      000058 54                     292 	.db #0x54	; 84	'T'
      000059 00                     293 	.db #0x00	; 0
      00005A 4F                     294 	.db #0x4f	; 79	'O'
      00005B 00                     295 	.db #0x00	; 0
      00005C 56                     296 	.db #0x56	; 86	'V'
      00005D 00                     297 	.db #0x00	; 0
                                    298 	.area XINIT   (CODE)
                                    299 	.area CABS    (ABS,CODE)
